LeagueClient caused ACCESS_VIOLATION in module LeagueClient

Write to location 00000000 caused an access violation.

User Information:
    User Name: Romain
    Computer Name: DESKTOP-KTTCRFV

OS Info:
    Windows 10  Home, x64

System Information:
    4 processor(s), type 586.
    37% of memory in use.
    8107M total physical memory.
    5083M free physical memory.
    9387M total paging file.
    6741M free paging file.
    4095M total virtual memory.
    3967M free virtual memory.

Process Memory:
    3967M free.
      31M reserved.
      96M commited.
    Largest free block is 2037M.

    PageFaultCount: 31759
    PeakWorkingSetSize: 14M
    WorkingSetSize: 14M
    QuotaPeakPagedPoolUsage: 0M
    QuotaPagedPoolUsage: 0M
    QuotaPeakNonPagedPoolUsage: 0M
    QuotaNonPagedPoolUsage: 0M
    PagefileUsage: 3M
    PeakPagefileUsage: 6M
    PrivateUsage: 3M

Process Info:
    HandleCount: 166
    ThreadCount: 4
    TotalHandleCount: 16475

